<?xml version="1.0" encoding="UTF-8"?>
<!-- Generated by org.testng.reporters.JUnitReportReporter -->
<testsuite hostname="LTTECH1693" failures="0" tests="4" name="stepDefinitions.AddtoCart" time="1.215" errors="0" timestamp="2022-01-26T22:01:58 EAT" skipped="0">
  <testcase classname="stepDefinitions.AddtoCart" name="reduceitemsOnCartToZero" time="0.280"/>
  <system-out/>
  <testcase classname="stepDefinitions.AddtoCart" name="AddItemsToCartViaClick" time="0.168"/>
  <system-out/>
  <testcase classname="stepDefinitions.AddtoCart" name="AddItemsToCartviaInput" time="0.221"/>
  <system-out/>
  <testcase classname="stepDefinitions.AddtoCart" name="clickAddToCart" time="0.546"/>
  <system-out/>
</testsuite> <!-- stepDefinitions.AddtoCart -->
