<?xml version="1.0" encoding="UTF-8"?>
<!-- Generated by org.testng.reporters.JUnitReportReporter -->
<testsuite hostname="LTTECH1693" failures="0" tests="4" name="stepDefinitions.Checkout" time="3.556" errors="0" timestamp="2022-01-26T22:01:58 EAT" skipped="0">
  <testcase classname="stepDefinitions.Checkout" name="proceedtoCheckOutPage" time="1.022"/>
  <system-out/>
  <testcase classname="stepDefinitions.Checkout" name="placeOrder" time="0.200"/>
  <system-out/>
  <testcase classname="stepDefinitions.Checkout" name="acceptTermsAndConditionsNegative" time="1.546"/>
  <system-out/>
  <testcase classname="stepDefinitions.Checkout" name="acceptTermsAndConditionsPositive" time="0.788"/>
  <system-out/>
</testsuite> <!-- stepDefinitions.Checkout -->
