<?xml version="1.0" encoding="UTF-8"?>
<!-- Generated by org.testng.reporters.JUnitReportReporter -->
<testsuite hostname="LTTECH1693" failures="0" tests="1" name="stepDefinitions.LoadHomePage" time="34.114" errors="0" timestamp="2022-01-26T22:01:58 EAT" skipped="0">
  <testcase classname="stepDefinitions.LoadHomePage" name="LoadBaseUrl" time="34.114"/>
  <system-out/>
</testsuite> <!-- stepDefinitions.LoadHomePage -->
