<?xml version="1.0" encoding="UTF-8"?>
<!-- Generated by org.testng.reporters.JUnitReportReporter -->
<testsuite hostname="LTTECH1693" failures="0" tests="4" name="stepDefinitions.AddtoCart" time="0.896" errors="0" timestamp="2022-01-25T22:13:23 EAT" skipped="0">
  <testcase classname="stepDefinitions.AddtoCart" name="reduceitemsOnCartToZero" time="0.194"/>
  <system-out/>
  <testcase classname="stepDefinitions.AddtoCart" name="AddItemsToCartViaClick" time="0.138"/>
  <system-out/>
  <testcase classname="stepDefinitions.AddtoCart" name="AddItemsToCartviaInput" time="0.200"/>
  <system-out/>
  <testcase classname="stepDefinitions.AddtoCart" name="clickAddToCart" time="0.364"/>
  <system-out/>
</testsuite> <!-- stepDefinitions.AddtoCart -->
