<?xml version="1.0" encoding="UTF-8"?>
<!-- Generated by org.testng.reporters.JUnitReportReporter -->
<testsuite hostname="LTTECH1693" failures="0" tests="3" name="stepDefinitions.Checkout" time="1.594" errors="0" timestamp="2022-01-25T22:13:23 EAT" skipped="0">
  <testcase classname="stepDefinitions.Checkout" name="proceedtoCheckOutPage" time="0.830"/>
  <system-out/>
  <testcase classname="stepDefinitions.Checkout" name="placeOrder" time="0.120"/>
  <system-out/>
  <testcase classname="stepDefinitions.Checkout" name="acceptTermsAndConditions" time="0.644"/>
  <system-out/>
</testsuite> <!-- stepDefinitions.Checkout -->
